\BOOKMARK [-1][-]{part.1}{\376\377\000I\000\040\000F\000u\000n\000d\000a\000m\000e\000n\000t\000o\000s\000\040\000b\000\341\000s\000i\000c\000o\000s\000\040\000d\000e\000\040\000d\000e\000r\000i\000v\000a\000d\000o\000s\000,\000\040\000r\000i\000e\000s\000g\000o\000\040\000y\000\040\000r\000e\000n\000t\000a\000b\000i\000l\000i\000d\000a\000d}{}% 1
\BOOKMARK [0][-]{chapter.1}{\376\377\000I\000n\000t\000r\000o\000d\000u\000c\000c\000i\000\363\000n}{part.1}% 2
\BOOKMARK [1][-]{section.1.1}{\376\377\000C\000o\000n\000c\000e\000p\000t\000o\000s\000\040\000f\000i\000n\000a\000n\000c\000i\000e\000r\000o\000s\000\040\000b\000\341\000s\000i\000c\000o\000s}{chapter.1}% 3
\BOOKMARK [2][-]{subsection.1.1.1}{\376\377\000T\000e\000r\000m\000i\000n\000o\000l\000o\000g\000\355\000a\000\040\000b\000\341\000s\000i\000c\000a}{section.1.1}% 4
\BOOKMARK [2][-]{subsection.1.1.2}{\376\377\000C\000o\000n\000t\000r\000a\000t\000o\000s\000\040\000f\000o\000r\000w\000a\000r\000d\000\040\000y\000\040\000f\000u\000t\000u\000r\000e\000s}{section.1.1}% 5
\BOOKMARK [2][-]{subsection.1.1.3}{\376\377\000C\000o\000n\000t\000r\000a\000t\000o\000s\000\040\000f\000u\000t\000u\000r\000e}{section.1.1}% 6
\BOOKMARK [2][-]{subsection.1.1.4}{\376\377\000C\000o\000n\000t\000e\000o\000\040\000d\000e\000\040\000d\000\355\000a\000s}{section.1.1}% 7
\BOOKMARK [0][-]{chapter.2}{\376\377\000P\000r\000o\000d\000u\000c\000t\000o\000s\000\040\000f\000i\000n\000a\000n\000c\000i\000e\000r\000o\000s\000\040\000b\000\341\000s\000i\000c\000o\000s}{part.1}% 8
\BOOKMARK [1][-]{section.2.1}{\376\377\000O\000p\000c\000i\000o\000n\000e\000s}{chapter.2}% 9
\BOOKMARK [2][-]{subsection.2.1.1}{\376\377\000T\000e\000r\000m\000i\000n\000o\000l\000o\000g\000\355\000a}{section.2.1}% 10
\BOOKMARK [2][-]{subsection.2.1.2}{\376\377\000T\000i\000p\000o\000s\000\040\000d\000e\000\040\000o\000p\000c\000i\000o\000n\000e\000s}{section.2.1}% 11
\BOOKMARK [2][-]{subsection.2.1.3}{\376\377\000C\000a\000l\000l\000-\000P\000u\000t\000\040\000P\000a\000r\000i\000t\000y}{section.2.1}% 12
\BOOKMARK [2][-]{subsection.2.1.4}{\376\377\000O\000p\000c\000i\000o\000n\000e\000s\000\040\000b\000i\000n\000a\000r\000i\000a\000s\000/\000\040\000d\000i\000g\000i\000t\000a\000l\000e\000s}{section.2.1}% 13
\BOOKMARK [2][-]{subsection.2.1.5}{\376\377\000P\000o\000r\000t\000f\000o\000l\000i\000o\000\040\000o\000f\000\040\000o\000p\000t\000i\000o\000n\000s\000/\000O\000p\000t\000i\000o\000n\000\040\000s\000t\000r\000a\000t\000e\000g\000y}{section.2.1}% 14
\BOOKMARK [2][-]{subsection.2.1.6}{\376\377\000O\000p\000c\000i\000o\000n\000e\000s\000\040\000a\000\040\000l\000a\000r\000g\000o\000\040\000p\000l\000a\000z\000o}{section.2.1}% 15
\BOOKMARK [2][-]{subsection.2.1.7}{\376\377\000O\000t\000r\000o\000s\000\040\000d\000e\000r\000i\000v\000a\000d\000o\000s}{section.2.1}% 16
\BOOKMARK [1][-]{section.2.2}{\376\377\000P\000r\000o\000d\000u\000c\000t\000o\000s\000\040\000d\000e\000\040\000r\000e\000n\000t\000a\000\040\000f\000i\000j\000a\000:\000\040\000b\000o\000n\000o\000s}{chapter.2}% 17
\BOOKMARK [2][-]{subsection.2.2.1}{\376\377\000C\000o\000n\000t\000r\000a\000t\000o\000s\000\040\000s\000i\000m\000p\000l\000e\000s\000\040\000d\000e\000\040\000r\000e\000n\000t\000a\000\040\000f\000i\000j\000a}{section.2.2}% 18
\BOOKMARK [2][-]{subsection.2.2.2}{\376\377\000M\000e\000r\000c\000a\000d\000o\000\040\000i\000n\000t\000e\000r\000n\000a\000c\000i\000o\000n\000a\000l\000\040\000d\000e\000\040\000b\000o\000n\000o\000s}{section.2.2}% 19
\BOOKMARK [2][-]{subsection.2.2.3}{\376\377\000R\000e\000n\000t\000a\000b\000i\000l\000i\000d\000a\000d\000\040\000d\000e\000\040\000b\000o\000n\000o\000s\000\040\000\050\000Y\000i\000e\000l\000d\000\051}{section.2.2}% 20
\BOOKMARK [2][-]{subsection.2.2.4}{\376\377\000Y\000i\000e\000l\000d\000\040\000C\000u\000r\000v\000e}{section.2.2}% 21
\BOOKMARK [2][-]{subsection.2.2.5}{\376\377\000D\000u\000r\000a\000c\000i\000\363\000n}{section.2.2}% 22
\BOOKMARK [2][-]{subsection.2.2.6}{\376\377\000C\000o\000n\000v\000e\000x\000i\000v\000i\000d\000a\000d}{section.2.2}% 23
\BOOKMARK [2][-]{subsection.2.2.7}{\376\377\000I\000n\000t\000e\000r\000e\000s\000e\000s\000\040\000d\000e\000p\000e\000n\000d\000i\000e\000n\000t\000e\000s\000\040\000d\000e\000l\000\040\000t\000i\000e\000m\000p\000o\000\040\000\050\000T\000i\000m\000e\000-\000D\000e\000p\000e\000n\000d\000e\000n\000t\000\040\000I\000n\000t\000e\000r\000e\000s\000t\000\040\000R\000a\000t\000e\000s\000\051}{section.2.2}% 24
\BOOKMARK [2][-]{subsection.2.2.8}{\376\377\000T\000a\000s\000a\000s\000\040\000F\000o\000r\000w\000a\000r\000d\000\040\000y\000\040\000b\000o\000o\000t\000s\000t\000r\000a\000p\000p\000i\000n\000g}{section.2.2}% 25
\BOOKMARK [1][-]{section.2.3}{\376\377\000S\000w\000a\000p\000s}{chapter.2}% 26
\BOOKMARK [2][-]{subsection.2.3.1}{\376\377\000S\000w\000a\000p\000s\000\040\000d\000e\000\040\000i\000n\000t\000e\000r\000e\000s\000e\000s\000\040\000v\000a\000i\000n\000i\000l\000l\000a\000s}{section.2.3}% 27
\BOOKMARK [2][-]{subsection.2.3.2}{\376\377\000R\000e\000l\000a\000c\000i\000\363\000n\000\040\000e\000n\000t\000r\000e\000\040\000s\000w\000a\000p\000s\000\040\000y\000\040\000b\000o\000n\000o\000s\000:\000\040\000o\000b\000t\000e\000n\000e\000r\000\040\000v\000a\000l\000o\000r\000\040\000j\000u\000s\000t\000o\000\040\000d\000e\000l\000\040\000i\000n\000t\000e\000r\000\351\000s\000\040\000f\000i\000j\000o}{section.2.3}% 28
\BOOKMARK [2][-]{subsection.2.3.3}{\376\377\000B\000o\000o\000t\000s\000t\000r\000a\000p\000p\000i\000n\000g}{section.2.3}% 29
\BOOKMARK [2][-]{subsection.2.3.4}{\376\377\000O\000t\000r\000a\000s\000\040\000c\000a\000r\000a\000c\000t\000e\000r\000\355\000s\000t\000i\000c\000a\000s\000\040\000d\000e\000\040\000c\000o\000n\000t\000r\000a\000t\000o\000s\000\040\000s\000w\000a\000p}{section.2.3}% 30
\BOOKMARK [2][-]{subsection.2.3.5}{\376\377\000O\000t\000r\000o\000s\000\040\000t\000i\000p\000o\000s\000\040\000d\000e\000\040\000s\000w\000a\000p\000s}{section.2.3}% 31
\BOOKMARK [0][-]{chapter.3}{\376\377\000A\000l\000e\000t\000o\000r\000i\000e\000d\000a\000d}{part.1}% 32
\BOOKMARK [1][-]{section.3.1}{\376\377\000A\000l\000g\000u\000n\000a\000s\000\040\000p\000r\000o\000p\000i\000e\000d\000a\000d\000e\000s}{chapter.3}% 33
\BOOKMARK [2][-]{subsection.3.1.1}{\376\377\000D\000e\000s\000i\000g\000u\000a\000l\000d\000a\000d\000\040\000d\000e\000\040\000J\000e\000n\000s\000e\000n}{section.3.1}% 34
\BOOKMARK [2][-]{subsection.3.1.2}{\376\377\000P\000r\000o\000p\000i\000e\000d\000a\000d\000\040\000d\000e\000\040\000M\000a\000r\000k\000o\000v}{section.3.1}% 35
\BOOKMARK [2][-]{subsection.3.1.3}{\376\377\000P\000r\000o\000p\000i\000e\000d\000a\000d\000\040\000d\000e\000\040\000m\000a\000r\000t\000i\000n\000g\000a\000l\000a}{section.3.1}% 36
\BOOKMARK [2][-]{subsection.3.1.4}{\376\377\000L\000e\000m\000a\000\040\000d\000e\000\040\000I\000t\000\364}{section.3.1}% 37
\BOOKMARK [2][-]{subsection.3.1.5}{\376\377\000A\000l\000g\000u\000n\000o\000s\000\040\000e\000j\000e\000m\000p\000l\000o\000s\000\040\000d\000e\000\040\000c\000a\000m\000i\000n\000o\000s\000\040\000a\000l\000e\000a\000t\000o\000r\000i\000o\000s}{section.3.1}% 38
\BOOKMARK [1][-]{section.3.2}{\376\377\000F\000u\000n\000c\000i\000\363\000n\000\040\000d\000e\000\040\000d\000e\000n\000s\000i\000d\000a\000d\000\040\000d\000e\000\040\000t\000r\000a\000n\000s\000i\000c\000i\000\363\000n}{chapter.3}% 39
\BOOKMARK [2][-]{subsection.3.2.1}{\376\377\000E\000c\000u\000a\000c\000i\000\363\000n\000\040\000d\000e\000\040\000F\000o\000k\000k\000e\000r\000-\000P\000l\000a\000n\000c\000k\000\040\000o\000\040\000d\000e\000\040\000K\000o\000l\000m\000o\000g\000o\000r\000o\000v\000\040\000h\000a\000c\000i\000a\000\040\000d\000e\000l\000a\000n\000t\000e}{section.3.2}% 40
\BOOKMARK [1][-]{section.3.3}{\376\377\000T\000i\000e\000m\000p\000o\000s\000\040\000d\000e\000\040\000p\000r\000i\000m\000e\000r\000\040\000e\000s\000c\000a\000p\000e\000\040\000\050\000F\000i\000r\000s\000t\000-\000e\000x\000i\000t\000\040\000t\000i\000m\000e\000s\000\051}{chapter.3}% 41
\BOOKMARK [2][-]{subsection.3.3.1}{\376\377\000F\000u\000n\000c\000i\000o\000n\000e\000s\000\040\000d\000e\000\040\000d\000i\000s\000t\000r\000i\000b\000u\000c\000i\000\363\000n\000\040\000a\000c\000u\000m\000u\000l\000a\000d\000a\000\040\000p\000a\000r\000a\000\040\000f\000i\000r\000s\000t\000-\000e\000x\000i\000t\000\040\000t\000i\000m\000e\000s}{section.3.3}% 42
\BOOKMARK [2][-]{subsection.3.3.2}{\376\377\000T\000i\000e\000m\000p\000o\000s\000\040\000d\000e\000\040\000p\000r\000i\000m\000e\000r\000\040\000e\000s\000c\000a\000p\000e\000\040\000e\000s\000p\000e\000r\000a\000d\000o\000s\000\040\000\050\000E\000x\000p\000e\000c\000t\000e\000d\000\040\000f\000i\000r\000s\000t\000-\000e\000x\000i\000t\000\040\000t\000i\000m\000e\000s\000\051}{section.3.3}% 43
\BOOKMARK [1][-]{section.3.4}{\376\377\000E\000s\000t\000r\000a\000t\000e\000g\000i\000a\000s\000\040\000e\000n\000\040\000a\000p\000u\000e\000s\000t\000a\000s}{chapter.3}% 44
\BOOKMARK [2][-]{subsection.3.4.1}{\376\377\000B\000l\000a\000c\000k\000j\000a\000c\000k}{section.3.4}% 45
\BOOKMARK [2][-]{subsection.3.4.2}{\376\377\000C\000r\000i\000t\000e\000r\000i\000o\000\040\000d\000e\000\040\000K\000e\000l\000l\000y}{section.3.4}% 46
\BOOKMARK [2][-]{subsection.3.4.3}{\376\377\000A\000p\000u\000e\000s\000t\000a\000s\000\040\000a\000\040\000e\000v\000e\000n\000t\000o\000s\000\040\000d\000e\000p\000o\000r\000t\000i\000v\000o\000s\000:\000\040\000c\000a\000r\000r\000e\000r\000a\000s\000\040\000d\000e\000\040\000c\000a\000b\000a\000l\000l\000o\000s}{section.3.4}% 47
\BOOKMARK [1][-]{section.3.5}{\376\377\000E\000x\000t\000r\000e\000m\000e\000\040\000v\000a\000l\000u\000e\000\040\000t\000h\000e\000o\000r\000y}{chapter.3}% 48
\BOOKMARK [0][-]{chapter.4}{\376\377\000M\000o\000d\000e\000l\000a\000c\000i\000\363\000n\000\040\000b\000\341\000s\000i\000c\000a\000\040\000d\000e\000\040\000o\000p\000c\000i\000o\000n\000e\000s}{part.1}% 49
\BOOKMARK [1][-]{section.4.1}{\376\377\000M\000o\000d\000e\000l\000o\000s\000\040\000B\000l\000a\000c\000k\000-\000S\000c\000h\000o\000l\000e\000s}{chapter.4}% 50
\BOOKMARK [2][-]{subsection.4.1.1}{\376\377\000M\000o\000d\000e\000l\000o\000\040\000o\000p\000c\000i\000o\000n\000e\000s\000\040\000b\000\341\000s\000i\000c\000o}{section.4.1}% 51
\BOOKMARK [2][-]{subsection.4.1.2}{\376\377\000O\000p\000c\000i\000o\000n\000e\000s\000\040\000d\000e\000\040\000a\000c\000t\000i\000v\000o\000s\000\040\000c\000o\000n\000\040\000d\000i\000v\000i\000d\000e\000n\000d\000o\000s\000\040\000c\000o\000n\000t\000i\000n\000u\000o\000s}{section.4.1}% 52
\BOOKMARK [2][-]{subsection.4.1.3}{\376\377\000C\000u\000r\000r\000e\000n\000c\000y\000\040\000o\000p\000t\000i\000o\000n\000s}{section.4.1}% 53
\BOOKMARK [2][-]{subsection.4.1.4}{\376\377\000C\000o\000m\000m\000o\000d\000i\000t\000y\000\040\000o\000p\000t\000i\000o\000n\000s}{section.4.1}% 54
\BOOKMARK [2][-]{subsection.4.1.5}{\376\377\000F\000o\000r\000w\000a\000r\000d\000s\000\040\000c\000o\000n\000t\000r\000a\000c\000t\000s}{section.4.1}% 55
\BOOKMARK [2][-]{subsection.4.1.6}{\376\377\000F\000u\000t\000u\000r\000e\000\040\000c\000o\000n\000t\000r\000a\000c\000t\000s}{section.4.1}% 56
\BOOKMARK [2][-]{subsection.4.1.7}{\376\377\000O\000p\000c\000i\000o\000n\000e\000s\000\040\000s\000o\000b\000r\000e\000\040\000f\000u\000t\000u\000r\000o\000s}{section.4.1}% 57
\BOOKMARK [2][-]{subsection.4.1.8}{\376\377\000C\000o\000n\000d\000i\000c\000i\000o\000n\000e\000s\000\040\000d\000e\000\040\000f\000r\000o\000n\000t\000e\000r\000a\000\040\000y\000\040\000f\000i\000n\000a\000l\000e\000s}{section.4.1}% 58
\BOOKMARK [2][-]{subsection.4.1.9}{\376\377\000A\000l\000g\000u\000n\000a\000s\000\040\000p\000r\000o\000p\000i\000e\000d\000a\000d\000e\000s\000\040\000d\000e\000\040\000l\000a\000s\000\040\000o\000p\000c\000i\000o\000n\000e\000s\000\040\000e\000u\000r\000o\000p\000e\000a\000s}{section.4.1}% 59
\BOOKMARK [1][-]{section.4.2}{\376\377\000C\000o\000m\000p\000o\000r\000t\000a\000m\000i\000e\000n\000t\000o\000\040\000d\000e\000\040\000l\000a\000s\000\040\000E\000D\000P\000s}{chapter.4}% 60
\BOOKMARK [2][-]{subsection.4.2.1}{\376\377\000S\000i\000g\000n\000i\000f\000i\000c\000a\000d\000o\000\040\000d\000e\000\040\000l\000o\000s\000\040\000t\000\351\000r\000m\000i\000n\000o\000s\000\040\000d\000e\000\040\000u\000n\000a\000\040\000E\000D\000P}{section.4.2}% 61
\BOOKMARK [1][-]{section.4.3}{\376\377\000S\000o\000l\000u\000c\000i\000o\000n\000e\000s\000\040\000y\000\040\000g\000r\000i\000e\000g\000a\000s}{chapter.4}% 62
\BOOKMARK [2][-]{subsection.4.3.1}{\376\377\000G\000r\000i\000e\000g\000a\000s}{section.4.3}% 63
\BOOKMARK [2][-]{subsection.4.3.2}{\376\377\000T\000a\000b\000l\000a\000s\000\040\000d\000e\000\040\000s\000o\000l\000u\000c\000i\000o\000n\000e\000s}{section.4.3}% 64
\BOOKMARK [2][-]{subsection.4.3.3}{\376\377\000R\000e\000p\000r\000e\000s\000e\000n\000t\000a\000c\000i\000\363\000n\000\040\000g\000r\000\341\000f\000i\000c\000a\000\040\000d\000e\000\040\000s\000o\000l\000u\000c\000i\000o\000n\000e\000s}{section.4.3}% 65
\BOOKMARK [2][-]{subsection.4.3.4}{\376\377\000V\000o\000l\000a\000t\000i\000l\000i\000d\000a\000d\000\040\000i\000m\000p\000l\000\355\000c\000i\000t\000a}{section.4.3}% 66
\BOOKMARK [2][-]{subsection.4.3.5}{\376\377\000T\000i\000p\000o\000s\000\040\000d\000e\000\040\000c\000o\000b\000e\000r\000t\000u\000r\000a\000s}{section.4.3}% 67
\BOOKMARK [1][-]{section.4.4}{\376\377\000G\000e\000n\000e\000r\000a\000l\000i\000z\000a\000c\000i\000o\000n\000e\000s\000\040\000s\000e\000n\000c\000i\000l\000l\000a\000s\000\040\000d\000e\000l\000\040\000m\000o\000d\000e\000l\000o}{chapter.4}% 68
\BOOKMARK [2][-]{subsection.4.4.1}{\376\377\000D\000i\000v\000i\000d\000e\000n\000d\000o\000s\000\040\000d\000i\000s\000c\000r\000e\000t\000o\000s}{section.4.4}% 69
\BOOKMARK [2][-]{subsection.4.4.2}{\376\377\000P\000r\000\351\000s\000t\000a\000m\000o\000\040\000d\000e\000\040\000a\000c\000c\000i\000o\000n\000e\000s}{section.4.4}% 70
\BOOKMARK [2][-]{subsection.4.4.3}{\376\377\000P\000a\000r\000\341\000m\000e\000t\000r\000o\000s\000\040\000d\000e\000p\000e\000n\000d\000i\000e\000n\000t\000e\000s\000\040\000d\000e\000l\000\040\000t\000i\000e\000m\000p\000o}{section.4.4}% 71
\BOOKMARK [2][-]{subsection.4.4.4}{\376\377\000P\000o\000w\000e\000r\000\040\000o\000p\000t\000i\000o\000n\000s\000\040\000y\000\040\000l\000o\000g\000\040\000c\000o\000n\000t\000r\000a\000c\000t\000s}{section.4.4}% 72
\BOOKMARK [1][-]{section.4.5}{\376\377\000M\000o\000d\000e\000l\000i\000z\000a\000c\000i\000\363\000n\000\040\000l\000a\000\040\000v\000o\000l\000a\000t\000i\000l\000i\000d\000a\000d}{chapter.4}% 73
\BOOKMARK [2][-]{subsection.4.5.1}{\376\377\000V\000o\000l\000a\000t\000i\000l\000i\000d\000a\000d\000\040\000p\000o\000r\000\040\000m\000e\000d\000i\000a\000\040\000e\000s\000t\000a\000d\000\355\000s\000t\000i\000c\000a}{section.4.5}% 74
\BOOKMARK [2][-]{subsection.4.5.2}{\376\377\000E\000s\000t\000i\000m\000a\000r\000\040\000p\000a\000r\000\341\000m\000e\000t\000r\000o\000s\000:\000\040\000m\000a\000x\000i\000m\000u\000m\000\040\000l\000i\000k\000e\000l\000i\000h\000o\000o\000d\000\040\000e\000s\000t\000i\000m\000a\000t\000i\000o\000n\000\040\000\050\000M\000L\000E\000\051}{section.4.5}% 75
\BOOKMARK [2][-]{subsection.4.5.3}{\376\377\000V\000o\000l\000a\000t\000i\000l\000i\000d\000a\000d\000\040\000d\000e\000p\000e\000n\000d\000i\000e\000n\000t\000e\000\040\000d\000e\000l\000\040\000t\000i\000e\000m\000p\000o\000\040\000e\000n\000\040\000m\000o\000d\000e\000l\000o\000s\000\040\000s\000e\000n\000c\000i\000l\000l\000o\000s}{section.4.5}% 76
\BOOKMARK [1][-]{section.4.6}{\376\377\000C\000o\000b\000e\000r\000t\000u\000r\000a\000:\000\040\000v\000o\000l\000a\000t\000i\000l\000i\000d\000a\000d\000\040\000i\000m\000p\000l\000i\000c\000i\000t\000a\000\040\000v\000s\000\040\000r\000e\000a\000l}{chapter.4}% 77
\BOOKMARK [2][-]{subsection.4.6.1}{\376\377\000C\000o\000m\000p\000o\000r\000t\000a\000m\000i\000e\000n\000t\000o\000\040\000d\000e\000\040\000l\000a\000\040\000v\000o\000l\000a\000t\000i\000l\000i\000d\000a\000d\000\040\000i\000m\000p\000l\000\355\000c\000i\000t\000a}{section.4.6}% 78
\BOOKMARK [1][-]{section.4.7}{\376\377\000O\000p\000c\000i\000o\000n\000e\000s\000\040\000a\000m\000e\000r\000i\000c\000a\000n\000a\000s}{chapter.4}% 79
\BOOKMARK [2][-]{subsection.4.7.1}{\376\377\000D\000i\000v\000i\000d\000e\000n\000d\000o\000s\000\040\000d\000i\000s\000c\000r\000e\000t\000o\000s}{section.4.7}% 80
\BOOKMARK [2][-]{subsection.4.7.2}{\376\377\000O\000p\000c\000i\000o\000n\000e\000s\000\040\000o\000n\000e\000-\000t\000o\000u\000c\000h}{section.4.7}% 81
\BOOKMARK [2][-]{subsection.4.7.3}{\376\377\000O\000t\000r\000o\000s\000\040\000t\000i\000p\000o\000s\000\040\000d\000e\000\040\000o\000p\000c\000i\000o\000n\000e\000s\000\040\000a\000m\000e\000r\000i\000c\000a\000n\000a\000s}{section.4.7}% 82
\BOOKMARK [1][-]{section.4.8}{\376\377\000O\000p\000c\000i\000o\000n\000e\000s\000\040\000m\000u\000l\000t\000i\000a\000s\000s\000e\000t}{chapter.4}% 83
\BOOKMARK [2][-]{subsection.4.8.1}{\376\377\000O\000b\000t\000e\000n\000c\000i\000\363\000n\000\040\000d\000e\000\040\000l\000a\000\040\000c\000o\000r\000r\000e\000l\000a\000c\000i\000\363\000n}{section.4.8}% 84
\BOOKMARK [2][-]{subsection.4.8.2}{\376\377\000O\000p\000c\000i\000o\000n\000e\000s\000\040\000b\000a\000s\000k\000e\000t}{section.4.8}% 85
\BOOKMARK [2][-]{subsection.4.8.3}{\376\377\000O\000p\000c\000i\000o\000n\000e\000s\000\040\000e\000x\000c\000h\000a\000n\000g\000e}{section.4.8}% 86
\BOOKMARK [2][-]{subsection.4.8.4}{\376\377\000Q\000u\000a\000n\000t\000o\000s}{section.4.8}% 87
\BOOKMARK [0][-]{chapter.5}{\376\377\000V\000a\000l\000o\000r\000a\000c\000i\000\363\000n\000\040\000d\000e\000l\000\040\000r\000i\000e\000s\000g\000o}{part.1}% 88
\BOOKMARK [1][-]{section.5.1}{\376\377\000G\000e\000s\000t\000i\000\363\000n\000\040\000d\000e\000\040\000c\000a\000r\000t\000e\000r\000a\000s}{chapter.5}% 89
\BOOKMARK [2][-]{subsection.5.1.1}{\376\377\000C\000a\000r\000t\000e\000r\000a\000s\000\040\000d\000i\000v\000e\000r\000s\000i\000f\000i\000c\000a\000d\000a\000s}{section.5.1}% 90
\BOOKMARK [2][-]{subsection.5.1.2}{\376\377\000E\000l\000e\000c\000c\000i\000\363\000n\000\040\000d\000e\000\040\000a\000c\000t\000i\000v\000o\000s\000\040\000d\000e\000n\000t\000r\000o\000\040\000d\000e\000\040\000u\000n\000a\000\040\000c\000a\000r\000t\000e\000r\000a\000\040\000d\000i\000v\000e\000r\000s\000i\000f\000i\000c\000a\000d\000a\000:\000\040\000m\000o\000d\000e\000l\000o\000\040\000d\000e\000\040\000M\000a\000r\000k\000o\000w\000i\000t\000z\000\040\000\050\000M\000P\000T\000\051}{section.5.1}% 91
\BOOKMARK [2][-]{subsection.5.1.3}{\376\377\000C\000a\000p\000i\000t\000a\000l\000\040\000A\000s\000s\000e\000t\000\040\000P\000r\000i\000c\000i\000n\000g\000\040\000M\000o\000d\000e\000l\000\040\000\050\000C\000A\000P\000M\000\051}{section.5.1}% 92
\BOOKMARK [2][-]{subsection.5.1.4}{\376\377\000M\000e\000d\000i\000c\000i\000\363\000n\000\040\000d\000e\000l\000\040\000d\000e\000s\000e\000m\000p\000e\000\361\000o}{section.5.1}% 93
\BOOKMARK [1][-]{section.5.2}{\376\377\000V\000a\000l\000u\000e\000\040\000a\000t\000\040\000R\000i\000s\000k\000\040\000\050\000V\000a\000R\000\051}{chapter.5}% 94
\BOOKMARK [2][-]{subsection.5.2.1}{\376\377\000V\000a\000R\000\040\000d\000e\000\040\000u\000n\000\040\000s\000o\000l\000o\000\040\000a\000c\000t\000i\000v\000o}{section.5.2}% 95
\BOOKMARK [2][-]{subsection.5.2.2}{\376\377\000V\000a\000R\000\040\000d\000e\000\040\000u\000n\000a\000\040\000c\000a\000r\000t\000e\000r\000a\000\040\000d\000e\000\040\000a\000c\000t\000i\000v\000o\000s}{section.5.2}% 96
\BOOKMARK [2][-]{subsection.5.2.3}{\376\377\000C\000a\000r\000t\000e\000r\000a\000s\000\040\000c\000o\000n\000\040\000d\000e\000r\000i\000v\000a\000d\000o\000s}{section.5.2}% 97
\BOOKMARK [0][-]{chapter.6}{\376\377\000P\000r\000e\000d\000i\000c\000c\000i\000\363\000n\000\040\000d\000e\000l\000\040\000m\000e\000r\000c\000a\000d\000o}{part.1}% 98
\BOOKMARK [1][-]{section.6.1}{\376\377\000A\000n\000\341\000l\000i\000s\000i\000s\000\040\000t\000\351\000c\000n\000i\000c\000o}{chapter.6}% 99
\BOOKMARK [1][-]{section.6.2}{\376\377\000W\000a\000v\000e\000\040\000t\000h\000e\000o\000r\000y}{chapter.6}% 100
\BOOKMARK [2][-]{subsection.6.2.1}{\376\377\000O\000l\000a\000s\000\040\000d\000e\000\040\000E\000l\000l\000i\000o\000t\000t\000\040\000y\000\040\000n\000\372\000m\000e\000r\000o\000s\000\040\000d\000e\000\040\000F\000i\000b\000o\000n\000a\000c\000c\000i}{section.6.2}% 101
\BOOKMARK [-1][-]{part.2}{\376\377\000I\000I\000\040\000O\000t\000r\000o\000s\000\040\000t\000i\000p\000o\000s\000\040\000d\000e\000\040\000o\000p\000c\000i\000o\000n\000e\000s\000\040\000y\000\040\000d\000e\000r\000i\000v\000a\000d\000o\000s}{}% 102
\BOOKMARK [0][-]{chapter.7}{\376\377\000C\000l\000a\000s\000i\000f\000i\000c\000a\000c\000i\000\363\000n\000\040\000g\000e\000n\000\351\000r\000i\000c\000a\000\040\000d\000e\000\040\000o\000p\000c\000i\000o\000n\000e\000s\000\040\000e\000x\000\363\000t\000i\000c\000a\000s}{part.2}% 103
\BOOKMARK [1][-]{section.7.1}{\376\377\000C\000l\000a\000s\000i\000f\000i\000c\000a\000c\000i\000\363\000n\000\040\000d\000e\000\040\000o\000p\000c\000i\000o\000n\000e\000s\000\040\000c\000o\000m\000p\000l\000e\000j\000a\000s}{chapter.7}% 104
\BOOKMARK [2][-]{subsection.7.1.1}{\376\377\000D\000e\000p\000e\000n\000d\000e\000n\000c\000i\000a\000\040\000d\000e\000l\000\040\000t\000i\000e\000m\000p\000o}{section.7.1}% 105
\BOOKMARK [2][-]{subsection.7.1.2}{\376\377\000F\000l\000u\000j\000o\000\040\000d\000e\000\040\000d\000i\000n\000e\000r\000o}{section.7.1}% 106
\BOOKMARK [2][-]{subsection.7.1.3}{\376\377\000D\000e\000p\000e\000n\000d\000e\000n\000c\000i\000a\000\040\000d\000e\000l\000\040\000c\000a\000m\000i\000n\000o}{section.7.1}% 107
\BOOKMARK [2][-]{subsection.7.1.4}{\376\377\000D\000i\000m\000e\000n\000s\000i\000o\000n\000a\000l\000i\000d\000a\000d}{section.7.1}% 108
\BOOKMARK [2][-]{subsection.7.1.5}{\376\377\000O\000r\000d\000e\000n}{section.7.1}% 109
\BOOKMARK [2][-]{subsection.7.1.6}{\376\377\000D\000e\000c\000i\000s\000i\000o\000n\000e\000s\000\040\000i\000n\000t\000e\000g\000r\000a\000d\000a\000s}{section.7.1}% 110
\BOOKMARK [1][-]{section.7.2}{\376\377\000A\000l\000g\000u\000n\000o\000s\000\040\000e\000j\000e\000m\000p\000l\000o\000s\000\040\000d\000e\000\040\000d\000e\000r\000i\000v\000a\000d\000o\000s\000\040\000e\000x\000\363\000t\000i\000c\000o\000s\000\040\000y\000\040\000d\000e\000p\000e\000n\000d\000i\000e\000n\000t\000e\000s\000\040\000d\000e\000l\000\040\000c\000a\000m\000i\000n\000o}{chapter.7}% 111
\BOOKMARK [2][-]{subsection.7.2.1}{\376\377\000C\000o\000m\000p\000o\000u\000n\000d\000s\000\040\000o\000p\000t\000i\000o\000n\000s}{section.7.2}% 112
\BOOKMARK [2][-]{subsection.7.2.2}{\376\377\000C\000h\000o\000o\000s\000e\000r\000s\000\040\000o\000p\000t\000i\000o\000n\000s}{section.7.2}% 113
\BOOKMARK [2][-]{subsection.7.2.3}{\376\377\000E\000x\000t\000e\000n\000d\000i\000b\000l\000e\000\040\000o\000p\000t\000i\000o\000n\000s}{section.7.2}% 114
\BOOKMARK [2][-]{subsection.7.2.4}{\376\377\000R\000a\000n\000g\000e\000\040\000N\000o\000t\000e\000s}{section.7.2}% 115
\BOOKMARK [2][-]{subsection.7.2.5}{\376\377\000B\000a\000r\000r\000i\000e\000r\000\040\000O\000p\000t\000i\000o\000n\000s}{section.7.2}% 116
\BOOKMARK [2][-]{subsection.7.2.6}{\376\377\000A\000s\000i\000a\000n\000\040\000O\000p\000t\000i\000o\000n\000s}{section.7.2}% 117
\BOOKMARK [2][-]{subsection.7.2.7}{\376\377\000L\000o\000o\000k\000b\000a\000c\000k\000\040\000O\000p\000t\000i\000o\000n\000s}{section.7.2}% 118
\BOOKMARK [1][-]{section.7.3}{\376\377\000R\000e\000s\000u\000m\000e\000n\000\040\000d\000e\000\040\000l\000a\000\040\000c\000l\000a\000s\000i\000f\000i\000c\000a\000c\000i\000\363\000n}{chapter.7}% 119
\BOOKMARK [0][-]{chapter.8}{\376\377\000A\000l\000g\000u\000n\000a\000s\000\040\000o\000p\000c\000i\000o\000n\000e\000s\000\040\000e\000x\000\363\000t\000i\000c\000a\000s}{part.2}% 120
\BOOKMARK [1][-]{section.8.1}{\376\377\000B\000a\000r\000r\000i\000e\000r\000\040\000o\000p\000t\000i\000o\000n\000s}{chapter.8}% 121
\BOOKMARK [2][-]{subsection.8.1.1}{\376\377\000M\000o\000d\000e\000l\000i\000z\000a\000c\000i\000\363\000n\000\040\000d\000e\000\040\000o\000p\000c\000i\000o\000n\000e\000s\000\040\000b\000a\000r\000r\000e\000r\000a}{section.8.1}% 122
\BOOKMARK [2][-]{subsection.8.1.2}{\376\377\000F\000\363\000r\000m\000u\000l\000a\000s\000\040\000a\000n\000a\000l\000\355\000t\000i\000c\000a\000s}{section.8.1}% 123
\BOOKMARK [2][-]{subsection.8.1.3}{\376\377\000O\000t\000r\000a\000s\000\040\000p\000o\000s\000i\000b\000l\000e\000s\000\040\000c\000a\000r\000a\000c\000t\000e\000r\000\355\000s\000t\000i\000c\000a\000s}{section.8.1}% 124
\BOOKMARK [2][-]{subsection.8.1.4}{\376\377\000F\000i\000r\000s\000t\000-\000e\000x\000i\000t\000\040\000t\000i\000m\000e\000s}{section.8.1}% 125
\BOOKMARK [1][-]{section.8.2}{\376\377\000D\000e\000r\000i\000v\000a\000d\000o\000s\000\040\000f\000u\000e\000r\000t\000e\000m\000e\000n\000t\000e\000\040\000d\000e\000p\000e\000n\000d\000i\000e\000n\000t\000e\000s\000\040\000d\000e\000l\000\040\000c\000a\000m\000i\000n\000o}{chapter.8}% 126
\BOOKMARK [2][-]{subsection.8.2.1}{\376\377\000M\000u\000e\000s\000t\000r\000a\000s\000\040\000c\000o\000n\000t\000i\000n\000u\000a\000s}{section.8.2}% 127
\BOOKMARK [2][-]{subsection.8.2.2}{\376\377\000M\000u\000e\000s\000t\000r\000a\000s\000\040\000d\000i\000s\000c\000r\000e\000t\000a\000s}{section.8.2}% 128
\BOOKMARK [2][-]{subsection.8.2.3}{\376\377\000E\000j\000e\000r\000c\000i\000c\000i\000o\000\040\000a\000n\000t\000i\000c\000i\000p\000a\000d\000o}{section.8.2}% 129
\BOOKMARK [1][-]{section.8.3}{\376\377\000O\000p\000c\000i\000o\000n\000e\000s\000\040\000a\000s\000i\000\341\000t\000i\000c\000a\000s}{chapter.8}% 130
\BOOKMARK [2][-]{subsection.8.3.1}{\376\377\000A\000l\000g\000u\000n\000a\000s\000\040\000s\000o\000l\000u\000c\000i\000o\000n\000e\000s\000\040\000a\000n\000a\000l\000\355\000t\000i\000c\000a\000s}{section.8.3}% 131
\BOOKMARK [1][-]{section.8.4}{\376\377\000O\000p\000c\000i\000o\000n\000e\000s\000\040\000l\000o\000o\000k\000b\000a\000c\000k}{chapter.8}% 132
\BOOKMARK [2][-]{subsection.8.4.1}{\376\377\000M\000e\000d\000i\000c\000i\000\363\000n\000\040\000c\000o\000n\000t\000i\000n\000u\000a\000\040\000d\000e\000l\000\040\000m\000\341\000x\000i\000m\000o}{section.8.4}% 133
\BOOKMARK [2][-]{subsection.8.4.2}{\376\377\000M\000e\000d\000i\000c\000i\000\363\000n\000\040\000d\000i\000s\000c\000r\000e\000t\000a\000\040\000d\000e\000l\000\040\000m\000\341\000x\000i\000m\000o}{section.8.4}% 134
\BOOKMARK [2][-]{subsection.8.4.3}{\376\377\000A\000l\000g\000u\000n\000a\000s\000\040\000s\000o\000l\000u\000c\000i\000o\000n\000e\000s\000\040\000a\000n\000a\000l\000\355\000t\000i\000c\000a\000s}{section.8.4}% 135
\BOOKMARK [1][-]{section.8.5}{\376\377\000O\000p\000c\000i\000o\000n\000e\000s\000\040\000p\000a\000s\000s\000p\000o\000r\000t}{chapter.8}% 136
\BOOKMARK [2][-]{subsection.8.5.1}{\376\377\000L\000i\000m\000i\000t\000a\000c\000i\000\363\000n\000\040\000e\000n\000\040\000e\000l\000\040\000n\000\372\000m\000e\000r\000o\000\040\000d\000e\000\040\000o\000p\000e\000r\000a\000c\000i\000o\000n\000e\000s}{section.8.5}% 137
\BOOKMARK [2][-]{subsection.8.5.2}{\376\377\000L\000i\000m\000i\000t\000a\000c\000i\000\363\000n\000\040\000d\000e\000\040\000t\000i\000e\000m\000p\000o\000\040\000e\000n\000t\000r\000e\000\040\000o\000p\000e\000r\000a\000c\000i\000o\000n\000e\000s}{section.8.5}% 138
\BOOKMARK [1][-]{section.8.6}{\376\377\000O\000t\000r\000a\000s\000\040\000o\000p\000c\000i\000o\000n\000e\000s\000\040\000e\000x\000\363\000t\000i\000c\000a\000s}{chapter.8}% 139
\BOOKMARK [2][-]{subsection.8.6.1}{\376\377\000F\000o\000r\000w\000a\000r\000d\000-\000s\000t\000a\000r\000t\000\040\000o\000p\000t\000i\000o\000n\000s}{section.8.6}% 140
\BOOKMARK [2][-]{subsection.8.6.2}{\376\377\000S\000h\000o\000u\000t\000\040\000o\000p\000t\000i\000o\000n\000s}{section.8.6}% 141
\BOOKMARK [2][-]{subsection.8.6.3}{\376\377\000C\000a\000p\000p\000e\000d\000\040\000l\000o\000o\000k\000b\000a\000c\000k\000s\000\040\000y\000\040\000a\000s\000i\000\341\000t\000i\000c\000a\000s}{section.8.6}% 142
\BOOKMARK [2][-]{subsection.8.6.4}{\376\377\000C\000o\000m\000b\000i\000n\000a\000c\000i\000o\000n\000e\000s\000\040\000d\000e\000\040\000c\000u\000a\000l\000i\000d\000a\000d\000e\000s}{section.8.6}% 143
\BOOKMARK [2][-]{subsection.8.6.5}{\376\377\000V\000o\000l\000a\000t\000i\000l\000i\000t\000y\000\040\000o\000p\000t\000i\000o\000n\000s}{section.8.6}% 144
\BOOKMARK [2][-]{subsection.8.6.6}{\376\377\000L\000a\000d\000d\000e\000r\000\040\000o\000p\000t\000i\000o\000n\000s}{section.8.6}% 145
\BOOKMARK [2][-]{subsection.8.6.7}{\376\377\000P\000a\000r\000i\000s\000i\000a\000n\000\040\000o\000p\000t\000i\000o\000n\000s}{section.8.6}% 146
\BOOKMARK [2][-]{subsection.8.6.8}{\376\377\000B\000a\000l\000l\000o\000o\000n\000\040\000o\000p\000t\000i\000o\000n}{section.8.6}% 147
\BOOKMARK [2][-]{subsection.8.6.9}{\376\377\000B\000r\000e\000a\000k\000/\000c\000a\000n\000c\000e\000l\000a\000b\000l\000e\000\040\000f\000o\000r\000w\000a\000r\000d}{section.8.6}% 148
\BOOKMARK [2][-]{subsection.8.6.10}{\376\377\000C\000o\000n\000t\000i\000n\000g\000e\000n\000t\000\040\000p\000r\000e\000m\000i\000u\000m\000\040\000o\000p\000t\000i\000o\000n}{section.8.6}% 149
\BOOKMARK [2][-]{subsection.8.6.11}{\376\377\000C\000o\000u\000p\000e\000\040\000o\000p\000t\000i\000o\000n}{section.8.6}% 150
\BOOKMARK [2][-]{subsection.8.6.12}{\376\377\000E\000x\000t\000e\000n\000d\000i\000b\000l\000e\000\040\000o\000p\000t\000i\000o\000n\000/\000s\000w\000a\000p}{section.8.6}% 151
\BOOKMARK [2][-]{subsection.8.6.13}{\376\377\000H\000a\000w\000a\000i\040\031\000i\000a\000n\000\040\000o\000p\000t\000i\000o\000n}{section.8.6}% 152
\BOOKMARK [2][-]{subsection.8.6.14}{\376\377\000H\000i\000m\000a\000l\000a\000y\000a\000n\000\040\000o\000p\000t\000i\000o\000n}{section.8.6}% 153
\BOOKMARK [2][-]{subsection.8.6.15}{\376\377\000H\000Y\000P\000E\000R\000\040\000o\000p\000t\000i\000o\000n}{section.8.6}% 154
\BOOKMARK [-1][-]{part.3}{\376\377\000I\000I\000I\000\040\000R\000e\000n\000t\000a\000\040\000f\000i\000j\000a\000\040\000y\000\040\000d\000e\000r\000i\000v\000a\000d\000o\000s}{}% 155
\BOOKMARK [0][-]{chapter.9}{\376\377\000M\000o\000d\000e\000l\000i\000z\000a\000c\000i\000\363\000n\000\040\000d\000e\000\040\000i\000n\000s\000t\000r\000u\000m\000e\000n\000t\000o\000s\000\040\000d\000e\000\040\000r\000e\000n\000t\000a\000\040\000f\000i\000j\000a\000\040\000d\000e\000\040\000u\000n\000\040\000f\000a\000c\000t\000o\000r}{part.3}% 156
\BOOKMARK [1][-]{section.9.1}{\376\377\000M\000o\000d\000e\000l\000a\000d\000o\000\040\000d\000e\000\040\000t\000a\000s\000a\000s\000\040\000d\000e\000\040\000i\000n\000t\000e\000r\000\351\000s\000\040\000o\000n\000e\000-\000f\000a\000c\000t\000o\000r}{chapter.9}% 157
\BOOKMARK [2][-]{subsection.9.1.1}{\376\377\000M\000o\000d\000e\000l\000i\000z\000a\000c\000i\000\363\000n\000\040\000d\000e\000\040\000b\000o\000n\000o\000s}{section.9.1}% 158
\BOOKMARK [2][-]{subsection.9.1.2}{\376\377\000M\000a\000r\000k\000e\000t\000\040\000p\000r\000i\000c\000e\000\040\000o\000f\000\040\000r\000i\000s\000k\000\040\000l\000a\000m\000b\000d\000a\000\050\000r\000,\000t\000\051}{section.9.1}% 159
\BOOKMARK [2][-]{subsection.9.1.3}{\376\377\000M\000o\000d\000e\000l\000o\000s\000\040\000y\000\040\000s\000o\000l\000u\000c\000i\000o\000n\000e\000s\000\040\000m\000a\000n\000e\000j\000a\000b\000l\000e\000s}{section.9.1}% 160
\BOOKMARK [2][-]{subsection.9.1.4}{\376\377\000A\000l\000g\000u\000n\000o\000s\000\040\000m\000o\000d\000e\000l\000o\000s\000\040\000f\000a\000m\000o\000s\000o\000s}{section.9.1}% 161
\BOOKMARK [2][-]{subsection.9.1.5}{\376\377\000F\000o\000r\000w\000a\000r\000d\000s\000\040\000y\000\040\000f\000u\000t\000u\000r\000e\000s\000\040\000c\000o\000n\000\040\000t\000i\000p\000o\000s\000\040\000e\000s\000t\000o\000c\000\341\000s\000t\000i\000c\000o\000s}{section.9.1}% 162
\BOOKMARK [1][-]{section.9.2}{\376\377\000A\000j\000u\000s\000t\000e\000\040\000d\000e\000\040\000l\000a\000\040\000Y\000i\000e\000l\000d\000\040\000C\000u\000r\000v\000e}{chapter.9}% 163
\BOOKMARK [2][-]{subsection.9.2.1}{\376\377\000H\000o\000\040\000\046\000\040\000L\000e\000e}{section.9.2}% 164
\BOOKMARK [2][-]{subsection.9.2.2}{\376\377\000V\000a\000s\000i\000c\000e\000k\000\040\000e\000x\000t\000e\000n\000d\000i\000d\000o\000\040\000d\000e\000\040\000H\000u\000l\000l\000\040\000\046\000\040\000W\000h\000i\000t\000e}{section.9.2}% 165
\BOOKMARK [2][-]{subsection.9.2.3}{\376\377\000P\000r\000o\000s\000\040\000y\000\040\000c\000o\000n\000t\000r\000a\000s\000\040\000d\000e\000l\000\040\000a\000j\000u\000s\000t\000e\000\040\000p\000a\000r\000a\000\040\000m\000o\000d\000e\000l\000o\000s\000\040\000d\000e\000\040\000u\000n\000\040\000s\000o\000l\000o\000\040\000f\000a\000c\000t\000o\000r\000\040\000p\000a\000r\000a\000\040\000a\000j\000u\000s\000t\000a\000r\000\040\000y\000i\000e\000l\000d\000\040\000c\000u\000r\000v\000e}{section.9.2}% 166
\BOOKMARK [1][-]{section.9.3}{\376\377\000D\000e\000r\000i\000v\000a\000d\000o\000s\000\040\000d\000e\000\040\000l\000a\000\040\000t\000a\000s\000a\000\040\000d\000e\000\040\000i\000n\000t\000e\000r\000\351\000s}{chapter.9}% 167
\BOOKMARK [2][-]{subsection.9.3.1}{\376\377\000B\000o\000n\000o\000s\000\040\000c\000a\000l\000l\000a\000b\000l\000e}{section.9.3}% 168
\BOOKMARK [2][-]{subsection.9.3.2}{\376\377\000B\000o\000n\000d\000\040\000o\000p\000t\000i\000o\000n}{section.9.3}% 169
\BOOKMARK [2][-]{subsection.9.3.3}{\376\377\000C\000a\000p\000s\000\040\000y\000\040\000f\000l\000o\000o\000r\000s}{section.9.3}% 170
\BOOKMARK [2][-]{subsection.9.3.4}{\376\377\000R\000a\000n\000g\000e\000\040\000N\000o\000t\000e\000s}{section.9.3}% 171
\BOOKMARK [2][-]{subsection.9.3.5}{\376\377\000S\000w\000a\000p\000t\000i\000o\000n\000s\000,\000\040\000c\000a\000p\000t\000i\000o\000n\000s\000\040\000y\000\040\000f\000l\000o\000o\000r\000t\000i\000o\000n\000s}{section.9.3}% 172
\BOOKMARK [2][-]{subsection.9.3.6}{\376\377\000S\000p\000r\000e\000a\000d\000\040\000O\000p\000t\000i\000o\000n\000s}{section.9.3}% 173
\BOOKMARK [2][-]{subsection.9.3.7}{\376\377\000I\000n\000d\000e\000x\000\040\000A\000m\000o\000r\000t\000i\000z\000i\000n\000g\000\040\000R\000a\000t\000e\000\040\000S\000w\000a\000p\000s}{section.9.3}% 174
\BOOKMARK [2][-]{subsection.9.3.8}{\376\377\000C\000o\000n\000t\000r\000a\000t\000o\000s\000\040\000c\000o\000n\000\040\000d\000e\000c\000i\000s\000i\000o\000n\000e\000s\000\040\000e\000m\000b\000e\000b\000i\000d\000a\000s\000\040\000\050\000F\000l\000e\000x\000i\000s\000w\000a\000p\000s\000\051}{section.9.3}% 175
\BOOKMARK [2][-]{subsection.9.3.9}{\376\377\000M\000\341\000s\000\040\000d\000e\000r\000i\000v\000a\000d\000o\000s\000\040\000d\000e\000\040\000t\000i\000p\000o\000s\000\040\000d\000e\000\040\000i\000n\000t\000e\000r\000\351\000s}{section.9.3}% 176
\BOOKMARK [1][-]{section.9.4}{\376\377\000B\000o\000n\000o\000s\000\040\000c\000o\000n\000v\000e\000r\000t\000i\000b\000l\000e\000s}{chapter.9}% 177
\BOOKMARK [2][-]{subsection.9.4.1}{\376\377\000P\000r\000\341\000c\000t\000i\000c\000a\000\040\000d\000e\000\040\000m\000e\000r\000c\000a\000d\000o}{section.9.4}% 178
\BOOKMARK [2][-]{subsection.9.4.2}{\376\377\000V\000a\000l\000o\000r\000a\000c\000i\000\363\000n\000\040\000d\000e\000\040\000b\000o\000n\000o\000s\000\040\000c\000o\000n\000v\000e\000r\000t\000i\000b\000l\000e\000s\000\040\000c\000o\000n\000\040\000i\000n\000t\000e\000r\000\351\000s\000\040\000c\000o\000n\000s\000t\000a\000n\000t\000e}{section.9.4}% 179
\BOOKMARK [2][-]{subsection.9.4.3}{\376\377\000V\000a\000l\000o\000r\000a\000c\000i\000\363\000n\000\040\000d\000e\000\040\000b\000o\000n\000o\000s\000\040\000c\000o\000n\000v\000e\000r\000t\000i\000b\000l\000e\000s\000\040\000c\000o\000n\000\040\000t\000a\000s\000a\000s\000\040\000d\000e\000\040\000i\000n\000t\000e\000r\000\351\000s\000\040\000e\000s\000t\000o\000c\000\341\000s\000t\000i\000c\000a\000s\000:\000\040\000m\000o\000d\000e\000l\000o\000s\000\040\000d\000e\000\040\000d\000o\000s\000\040\000f\000a\000c\000t\000o\000r\000e\000s}{section.9.4}% 180
\BOOKMARK [2][-]{subsection.9.4.4}{\376\377\000D\000e\000p\000e\000n\000d\000e\000n\000c\000i\000a\000\040\000d\000e\000l\000\040\000c\000a\000m\000i\000n\000o\000\040\000e\000n\000\040\000b\000o\000n\000o\000s\000\040\000c\000o\000n\000v\000e\000r\000t\000i\000b\000l\000e\000s}{section.9.4}% 181
\BOOKMARK [2][-]{subsection.9.4.5}{\376\377\000D\000i\000l\000u\000c\000i\000\363\000n\000\040\000e\000n\000\040\000b\000o\000n\000o\000s\000\040\000c\000o\000n\000v\000e\000r\000t\000i\000b\000l\000e\000s}{section.9.4}% 182
\BOOKMARK [-1][-]{part.4}{\376\377\000I\000V\000\040\000S\000i\000m\000u\000l\000a\000c\000i\000\363\000n\000\040\000n\000u\000m\000\351\000r\000i\000c\000a}{}% 183
\BOOKMARK [0][-]{chapter.10}{\376\377\000D\000e\000s\000c\000r\000i\000p\000c\000i\000\363\000n\000\040\000g\000e\000n\000e\000r\000a\000l\000\040\000d\000e\000\040\000l\000a\000\040\000s\000i\000m\000u\000l\000a\000c\000i\000\363\000n\000\040\000n\000u\000m\000\351\000r\000i\000c\000a}{part.4}% 184
\BOOKMARK [1][-]{section.10.1}{\376\377\000D\000i\000f\000e\000r\000e\000n\000c\000i\000a\000s\000\040\000f\000i\000n\000i\000t\000a\000s}{chapter.10}% 185
\BOOKMARK [1][-]{section.10.2}{\376\377\000M\000o\000n\000t\000e\000\040\000C\000a\000r\000l\000o}{chapter.10}% 186
\BOOKMARK [1][-]{section.10.3}{\376\377\000I\000n\000t\000e\000g\000r\000a\000c\000i\000\363\000n\000\040\000n\000u\000m\000\351\000r\000i\000c\000a}{chapter.10}% 187
\BOOKMARK [0][-]{chapter.11}{\376\377\000D\000i\000f\000e\000r\000e\000n\000c\000i\000a\000s\000\040\000f\000i\000n\000i\000t\000a\000s}{part.4}% 188
\BOOKMARK [1][-]{section.11.1}{\376\377\000D\000i\000f\000e\000r\000e\000n\000c\000i\000a\000s\000\040\000f\000i\000n\000i\000t\000a\000s\000\040\000p\000a\000r\000a\000\040\000m\000o\000d\000e\000l\000o\000s\000\040\000d\000e\000\040\000u\000n\000\040\000f\000a\000c\000t\000o\000r}{chapter.11}% 189
\BOOKMARK [2][-]{subsection.11.1.1}{\376\377\000C\000o\000n\000v\000e\000r\000g\000e\000n\000c\000i\000a\000\040\000d\000e\000l\000\040\000r\000e\000s\000u\000l\000t\000a\000d\000o}{section.11.1}% 190
\BOOKMARK [0][-]{chapter.12}{\376\377\000M\000o\000n\000t\000e\000\040\000C\000a\000r\000l\000o}{part.4}% 191
\BOOKMARK [0][-]{chapter.13}{\376\377\000I\000n\000t\000e\000g\000r\000a\000c\000i\000\363\000n\000\040\000n\000u\000m\000\351\000r\000i\000c\000a}{part.4}% 192
\BOOKMARK [-1][-]{part.5}{\376\377\000V\000\040\000A\000p\000\351\000n\000d\000i\000c\000e\000s}{}% 193
\BOOKMARK [0][-]{appendix.Alph1}{\376\377\000C\000\341\000l\000c\000u\000l\000o\000\040\000b\000\341\000s\000i\000c\000o}{part.5}% 194
\BOOKMARK [1][-]{section.Alph1.1}{\376\377\000A\000l\000g\000u\000n\000o\000s\000\040\000r\000e\000s\000u\000l\000t\000a\000d\000o\000s\000\040\000b\000\341\000s\000i\000c\000o\000s\000\040\000d\000e\000\040\000c\000\341\000l\000c\000u\000l\000o}{appendix.Alph1}% 195
\BOOKMARK [0][-]{appendix.Alph2}{\376\377\000A\000p\000\351\000n\000d\000i\000c\000e\000s\000\040\000d\000e\000\040\000l\000a\000\040\000P\000a\000r\000t\000e\000\040\0001}{part.5}% 196
\BOOKMARK [1][-]{section.Alph2.1}{\376\377\000C\000\341\000l\000c\000u\000l\000o\000\040\000d\000e\000\040\000I\000t\000\364}{appendix.Alph2}% 197
\BOOKMARK [1][-]{section.Alph2.2}{\376\377\000G\000e\000n\000e\000r\000a\000l\000i\000z\000a\000c\000i\000o\000n\000e\000s\000\040\000s\000e\000n\000c\000i\000l\000l\000a\000s\000\040\000d\000e\000\040\000B\000l\000a\000c\000k\000-\000S\000c\000h\000o\000l\000e\000s}{appendix.Alph2}% 198
\BOOKMARK [1][-]{section.Alph2.3}{\376\377\000O\000p\000c\000i\000o\000n\000e\000s\000\040\000M\000a\000k\000e\000\040\000Y\000o\000u\000r\000\040\000M\000i\000n\000d\000\040\000U\000p}{appendix.Alph2}% 199
\BOOKMARK [1][-]{section.Alph2.4}{\376\377\000M\000e\000d\000i\000a\000\040\000y\000\040\000v\000a\000r\000i\000a\000n\000z\000a\000\040\000d\000e\000\040\000c\000o\000b\000e\000r\000t\000u\000r\000a\000\040\000c\000o\000n\000\040\000v\000o\000l\000a\000t\000i\000l\000i\000d\000a\000d\000\040\000i\000m\000p\000l\000\355\000c\000i\000t\000a}{appendix.Alph2}% 200
\BOOKMARK [0][-]{appendix.Alph3}{\376\377\000A\000p\000\351\000n\000d\000i\000c\000e\000s\000\040\000d\000e\000\040\000l\000a\000\040\000P\000a\000r\000t\000e\000\040\0002}{part.5}% 201
\BOOKMARK [0][-]{appendix.Alph4}{\376\377\000A\000p\000\351\000n\000d\000i\000c\000e\000s\000\040\000e\000x\000t\000r\000a}{part.5}% 202
\BOOKMARK [1][-]{section.Alph4.1}{\376\377\000B\000l\000a\000c\000k\000j\000a\000c\000k\000\040\000y\000\040\000a\000p\000u\000e\000s\000t\000a\000s}{appendix.Alph4}% 203
\BOOKMARK [2][-]{subsection.Alph4.1.1}{\376\377\000R\000e\000g\000l\000a\000s\000\040\000d\000e\000l\000\040\000b\000l\000a\000c\000k\000j\000a\000c\000k}{section.Alph4.1}% 204
